<?xml version="1.0" encoding="UTF-8"?>
<testsuites name="jest tests" tests="3" failures="0" time="2.03">
  <testsuite name="Homepage" errors="0" failures="0" skipped="0" timestamp="2019-12-29T08:22:58" time="1.231" tests="3">
    <testcase classname="Homepage should have home button" name="Homepage should have home button" time="0.008">
    </testcase>
    <testcase classname="Homepage should have login button" name="Homepage should have login button" time="0.002">
    </testcase>
    <testcase classname="Homepage should have signup button" name="Homepage should have signup button" time="0.002">
    </testcase>
  </testsuite>
</testsuites>