<?xml version="1.0" encoding="UTF-8"?>
<testsuites name="jest tests" tests="9" failures="0" time="2.206">
  <testsuite name="Login page" errors="0" failures="0" skipped="0" timestamp="2020-01-04T19:46:53" time="1.069" tests="3">
    <testcase classname="Login page should have email form" name="Login page should have email form" time="0.005">
    </testcase>
    <testcase classname="Login page should have email form" name="Login page should have email form" time="0">
    </testcase>
    <testcase classname="Login page should have password confirmation" name="Login page should have password confirmation" time="0">
    </testcase>
  </testsuite>
  <testsuite name="Default Login page" errors="0" failures="0" skipped="0" timestamp="2020-01-04T19:46:53" time="1.071" tests="3">
    <testcase classname="Default Login page should have email form" name="Default Login page should have email form" time="0.005">
    </testcase>
    <testcase classname="Default Login page should have Password" name="Default Login page should have Password" time="0.001">
    </testcase>
    <testcase classname="Default Login page should have Submit button" name="Default Login page should have Submit button" time="0.003">
    </testcase>
  </testsuite>
  <testsuite name="Homepage" errors="0" failures="0" skipped="0" timestamp="2020-01-04T19:46:53" time="1.111" tests="3">
    <testcase classname="Homepage should have home button" name="Homepage should have home button" time="0.008">
    </testcase>
    <testcase classname="Homepage should have login button" name="Homepage should have login button" time="0.002">
    </testcase>
    <testcase classname="Homepage should have signup button" name="Homepage should have signup button" time="0.001">
    </testcase>
  </testsuite>
</testsuites>